Build started 08/10/2014 15:56:34.
     1>Project "C:\Sites\first_app\sirisSCPCalculator\SirisSCPCalculator\SirisSCPCalculator\SirisSCPCalculator.vcxproj" on node 2 (Build target(s)).
     1>ClCompile:
         C:\Program Files (x86)\Microsoft Visual Studio 12.0\VC\bin\CL.exe /c /Zi /nologo /W3 /WX- /sdl /O2 /Oi /Oy- /GL /D WIN32 /D NDEBUG /D _CONSOLE /D _LIB /D _UNICODE /D UNICODE /Gm- /EHsc /MD /GS /Gy /fp:precise /Zc:wchar_t /Zc:forScope /Yu"stdafx.h" /Fp"Release\SirisSCPCalculator.pch" /Fo"Release\\" /Fd"Release\vc120.pdb" /Gd /TP /analyze- /errorReport:prompt Requisition.cpp
         Requisition.cpp
     1>Requisition.cpp(91): warning C4018: '<' : signed/unsigned mismatch
     1>Requisition.cpp(95): warning C4018: '<' : signed/unsigned mismatch
     1>Requisition.cpp(98): warning C4800: 'int' : forcing value to bool 'true' or 'false' (performance warning)
     1>Requisition.cpp(151): warning C4018: '<' : signed/unsigned mismatch
     1>Requisition.cpp(153): warning C4018: '<' : signed/unsigned mismatch
     1>Requisition.cpp(156): warning C4018: '<' : signed/unsigned mismatch
     1>Requisition.cpp(175): warning C4018: '<' : signed/unsigned mismatch
     1>Requisition.cpp(179): warning C4018: '<' : signed/unsigned mismatch
     1>Requisition.cpp(182): warning C4800: 'int' : forcing value to bool 'true' or 'false' (performance warning)
     1>Requisition.cpp(197): warning C4018: '<' : signed/unsigned mismatch
     1>Requisition.cpp(203): warning C4018: '<' : signed/unsigned mismatch
     1>Requisition.cpp(226): warning C4018: '<' : signed/unsigned mismatch
     1>Requisition.cpp(229): warning C4018: '<' : signed/unsigned mismatch
     1>Requisition.cpp(233): error C2065: 'eff' : undeclared identifier
     1>Done Building Project "C:\Sites\first_app\sirisSCPCalculator\SirisSCPCalculator\SirisSCPCalculator\SirisSCPCalculator.vcxproj" (Build target(s)) -- FAILED.

Build FAILED.

Time Elapsed 00:00:00.50
